<?xml version="1.0" encoding="UTF-8"?>
<!-- Generated by org.testng.reporters.JUnitXMLReporter -->
<testsuite ignored="0" hostname="DESKTOP-E83PQSV" failures="0" tests="6" name="Default test" time="41.806" errors="0" timestamp="2024-12-19T04:53:29 GST">
  <testcase classname="testCases.RnC_TestClass" name="testRegister" time="2.47"/>
  <testcase classname="testCases.RnC_TestClass" name="static_ValidLogin" time="2.029"/>
  <testcase classname="testCases.RnC_TestClass" name="addToCart" time="7.245"/>
  <testcase classname="testCases.RnC_TestClass" name="checkOut" time="3.833"/>
  <testcase classname="testCases.RnC_TestClass" name="fbWindowHandle" time="9.574"/>
  <testcase classname="testCases.RnC_TestClass" name="verifyLoginWithValidCredentials" time="11.673"/>
</testsuite> <!-- Default test -->
