<?xml version="1.0" encoding="UTF-8"?>
<testng-results ignored="0" total="6" passed="6" failed="0" skipped="0">
  <reporter-output>
  </reporter-output>
  <suite started-at="2024-12-19T05:02:17 GST" name="Suite" finished-at="2024-12-19T05:03:18 GST" duration-ms="61047">
    <groups>
    </groups>
    <test started-at="2024-12-19T05:02:17 GST" name="Test" finished-at="2024-12-19T05:03:18 GST" duration-ms="61047">
      <class name="testCases.RnC_TestClass">
        <test-method is-config="true" signature="setUP()[pri:0, instance:testCases.RnC_TestClass@7a35b0f5]" started-at="2024-12-19T05:02:17 GST" name="setUP" finished-at="2024-12-19T05:02:25 GST" duration-ms="8196" status="PASS">
          <reporter-output>
          </reporter-output>
        </test-method> <!-- setUP -->
        <test-method signature="testRegister()[pri:1, instance:testCases.RnC_TestClass@7a35b0f5]" started-at="2024-12-19T05:02:25 GST" name="testRegister" finished-at="2024-12-19T05:02:28 GST" duration-ms="3325" status="PASS">
          <reporter-output>
          </reporter-output>
        </test-method> <!-- testRegister -->
        <test-method signature="static_ValidLogin()[pri:2, instance:testCases.RnC_TestClass@7a35b0f5]" started-at="2024-12-19T05:02:28 GST" name="static_ValidLogin" finished-at="2024-12-19T05:02:32 GST" duration-ms="3138" status="PASS">
          <reporter-output>
          </reporter-output>
        </test-method> <!-- static_ValidLogin -->
        <test-method signature="addToCart()[pri:3, instance:testCases.RnC_TestClass@7a35b0f5]" started-at="2024-12-19T05:02:32 GST" name="addToCart" finished-at="2024-12-19T05:02:42 GST" duration-ms="10738" status="PASS">
          <reporter-output>
          </reporter-output>
        </test-method> <!-- addToCart -->
        <test-method signature="checkOut()[pri:4, instance:testCases.RnC_TestClass@7a35b0f5]" started-at="2024-12-19T05:02:42 GST" name="checkOut" finished-at="2024-12-19T05:02:48 GST" duration-ms="5425" status="PASS">
          <reporter-output>
          </reporter-output>
        </test-method> <!-- checkOut -->
        <test-method signature="fbWindowHandle()[pri:5, instance:testCases.RnC_TestClass@7a35b0f5]" started-at="2024-12-19T05:02:48 GST" name="fbWindowHandle" finished-at="2024-12-19T05:02:58 GST" duration-ms="9878" status="PASS">
          <reporter-output>
          </reporter-output>
        </test-method> <!-- fbWindowHandle -->
        <test-method signature="verifyLoginWithValidCredentials()[pri:6, instance:testCases.RnC_TestClass@7a35b0f5]" started-at="2024-12-19T05:02:58 GST" name="verifyLoginWithValidCredentials" finished-at="2024-12-19T05:03:18 GST" duration-ms="19938" status="PASS">
          <reporter-output>
          </reporter-output>
        </test-method> <!-- verifyLoginWithValidCredentials -->
        <test-method is-config="true" signature="tearDown()[pri:0, instance:testCases.RnC_TestClass@7a35b0f5]" started-at="2024-12-19T05:03:18 GST" name="tearDown" finished-at="2024-12-19T05:03:18 GST" duration-ms="297" status="PASS">
          <reporter-output>
          </reporter-output>
        </test-method> <!-- tearDown -->
      </class> <!-- testCases.RnC_TestClass -->
    </test> <!-- Test -->
  </suite> <!-- Suite -->
</testng-results>
